<?xml version="1.0" encoding="UTF-8"?>
<!-- Generated by org.testng.reporters.JUnitReportReporter -->
<testsuite hostname="gurushants-MacBook-Pro.local" name="org.mobAuto.mobileAutomation.CalculatorAuto" tests="1" failures="0" timestamp="11 Sep 2017 06:57:21 GMT" time="10.720" errors="0">
  <testcase name="login" time="10.720" classname="org.mobAuto.mobileAutomation.CalculatorAuto"/>
</testsuite> <!-- org.mobAuto.mobileAutomation.CalculatorAuto -->
